


                 ############################################# 
                 #       LOADING CONDITION CALCULATION       # 
                 ############################################# 



           Ship No.             :   100

           Ship Name            : G/T 3.00 TON F.R.P FISH BOAT(¿ëÁøÈ£)    

           Density of Sea Water : 1.025

           Reference Position   :  Midship (Longitudinal)
                                :  Keel Bottom (Vertical)




                    Abbreviation & Units
                    ====================

              L.C.G     :    Longitudinal Center of Gravity ( m )
              V.C.G     :    Vertical     Center of Gravity ( m )
              L-MOMT    :    Longitudinal Moment ( ton*m )
              V-MOMT    :    Vertical     Moment ( ton*m )
              F.S.M     :    Free Surface Moment ( ton*m )
              Draft     :    Draft Equivalent



                Dfwd    = -( LBP/2 - LCF ) / LBP  * Trim
                Daft    =  ( LBP/2 + LCF ) / LBP  * Trim
                F.S.M   = Inertia Moment * Density
                G'Z     = KN - KG' * SIN(angle)
 



       CONDITION NO    1   LIGHT SHIP CONDITION                                            


                                                                                         
                                   WEIGHT    L.C.G    L-MOMT    V.C.G    V-MOMT     F.S.M
       DEADWEIGHT ITEMS                                                                  
                                     ton       m       ton*m      m       ton*m     ton*m
       ==================================================================================

       LIGHT SHIP WEIGHT            8.085   -2.828    -22.86    0.824      6.66

       TOTAL WEIGHT                 8.085   -2.828    -22.86    0.824      6.66
       ========================================================================
 



       CONDITION NO    1   LIGHT SHIP CONDITION                                            



       ------------------------------------------------------------------------
       DRAFT EQUIVALENT        0.702 M        TRANSV. METACENTER   KMT  2.805 M

       TOTAL TRIM BY STERN    -0.347 M        VERT CENTRE OF GRAV   KG  0.824 M

       DRAFT FORWARD           0.463 M        METAC. HEIGHT         GM  1.981 M

       DRAFT AFT               0.810 M        FREE SURFACE CORR.   GG'  0.000 M

       DRAFT MEAN              0.637 M        CORR. METAC. HEIGHT  G'M  1.981 M
       ------------------------------------------------------------------------
       L.C.B                  -1.254 M        M.T.C                 0.366 M*TON

       L.C.F                  -1.941 M        T.P.C                 0.337 MT/CM
       ------------------------------------------------------------------------



                  ANGLE       KN     KG*SIN       GZ       AREA
                 degree        m         m         m      m*rad
                ------------------------------------------------
                   5.00     0.244     0.072     0.172     0.008
                  10.00     0.455     0.143     0.312     0.029
                  20.00     0.679     0.282     0.397     0.094
                  30.00     0.771     0.412     0.359     0.161
                  40.00     0.807     0.530     0.278     0.217
                  50.00     0.815     0.631     0.184     0.257
                  60.00     0.784     0.714     0.070     0.280
                  70.00     0.710     0.774    -0.064     0.281
 



       CONDITION NO    2   FULL LOAD DEPARTURE CONDITION                                   


                                                                                         
                                   WEIGHT    L.C.G    L-MOMT    V.C.G    V-MOMT     F.S.M
       DEADWEIGHT ITEMS                                                                  
                                     ton       m       ton*m      m       ton*m     ton*m
       ==================================================================================
       CREW&EFFECT (2P)             0.200   -4.205     -0.84    2.000      0.40      0.00
       DRY FISHING GEAR&EQUIP.      0.264    0.000      0.00    1.040      0.27      0.00
       FOOD&SUPPLEMENT(100%)        0.250   -7.000     -1.75    0.300      0.08      0.00
       L.OIL CAN(100%)              0.080   -4.515     -0.36    0.710      0.06      0.00
       ----------------------------------------------------------------------------------
          SUB TOTAL                 0.794   -3.718     -2.95    1.016      0.81      0.00
       ----------------------------------------------------------------------------------
       F. O. T(C)                   2.499   -4.547    -11.37    0.500      1.25      2.29
       ----------------------------------------------------------------------------------
       FORE ST.&ETC                 0.170    4.514      0.77    0.560      0.10      0.00
       NO.1 AFT ST.&ETC             0.200   -5.889     -1.18    0.505      0.10      0.00
       NO.2 AFT ST.&ETC             0.150   -7.186     -1.08    0.567      0.09      0.00
       STORE&SPARE                  0.080   -1.000     -0.08    0.500      0.04      0.00
       ----------------------------------------------------------------------------------
          SUB TOTAL                 0.600   -2.614     -1.57    0.535      0.32      0.00
       ----------------------------------------------------------------------------------

       ========================================================================
       DEADWEIGHT                   3.893   -4.080    -15.89    0.610      2.38

       LIGHT SHIP WEIGHT            8.085   -2.828    -22.86    0.824      6.66

       TOTAL WEIGHT                11.978   -3.235    -38.75    0.755      9.04
       ========================================================================
 



       CONDITION NO    2   FULL LOAD DEPARTURE CONDITION                                   



       ------------------------------------------------------------------------
       DRAFT EQUIVALENT        0.816 M        TRANSV. METACENTER   KMT  2.041 M

       TOTAL TRIM BY STERN    -0.562 M        VERT CENTRE OF GRAV   KG  0.755 M

       DRAFT FORWARD           0.433 M        METAC. HEIGHT         GM  1.287 M

       DRAFT AFT               0.995 M        FREE SURFACE CORR.   GG'  0.191 M

       DRAFT MEAN              0.714 M        CORR. METAC. HEIGHT  G'M  1.095 M
       ------------------------------------------------------------------------
       L.C.B                  -1.470 M        M.T.C                 0.376 M*TON

       L.C.F                  -1.897 M        T.P.C                 0.342 MT/CM
       ------------------------------------------------------------------------



                  ANGLE       KN     KG*SIN       GZ       AREA
                 degree        m         m         m      m*rad
                ------------------------------------------------
                   5.00     0.179     0.082     0.096     0.004
                  10.00     0.358     0.164     0.193     0.017
                  20.00     0.622     0.324     0.298     0.062
                  30.00     0.721     0.473     0.248     0.111
                  40.00     0.744     0.608     0.136     0.145
                  50.00     0.727     0.725     0.002     0.157
                  60.00     0.686     0.819    -0.134     0.146
                  70.00     0.626     0.889    -0.263     0.111
 



       CONDITION NO    3   FISHING GROUND DEPARTURE CONDITION                              


                                                                                         
                                   WEIGHT    L.C.G    L-MOMT    V.C.G    V-MOMT     F.S.M
       DEADWEIGHT ITEMS                                                                  
                                     ton       m       ton*m      m       ton*m     ton*m
       ==================================================================================
       CREW&EFFECT (2P)             0.200   -4.205     -0.84    2.000      0.40      0.00
       WETTED FISHING GEAR&EQUI     0.290    0.000      0.00    1.040      0.30      0.00
       FOOD&SUPPLEMENT(25%)         0.063   -7.000     -0.44    0.300      0.02      0.00
       L.OIL CAN(25%)               0.020   -4.515     -0.09    0.710      0.01      0.00
       ----------------------------------------------------------------------------------
          SUB TOTAL                 0.573   -2.395     -1.37    1.282      0.73      0.00
       ----------------------------------------------------------------------------------
       F. O. T(C)                   0.625   -4.533     -2.83    0.200      0.13      2.29
       NO.1 FISH HOLD(C)            0.500    3.593      1.80    0.474      0.24      0.00
       NO.2 FISH HOLD(C)            0.709    2.553      1.81    0.426      0.30      0.00
       NO.3 FISH HOLD(C)            0.697    1.453      1.01    0.406      0.28      0.00
       NO.4 FISH HOLD(C)            0.499    0.500      0.25    0.401      0.20      0.00
       NO.5 FISH HOLD(C)            0.566   -0.351     -0.20    0.403      0.23      0.00
       FORE STORE(C)                0.119    4.450      0.53    0.577      0.07      0.00
       ----------------------------------------------------------------------------------
          SUB TOTAL                 3.716    0.637      2.37    0.389      1.45      2.29
       ----------------------------------------------------------------------------------
       FORE ST.&ETC                 0.170    4.514      0.77    0.560      0.10      0.00
       NO.1 AFT ST.&ETC             0.200   -5.889     -1.18    0.505      0.10      0.00
       NO.2 AFT ST.&ETC             0.150   -7.186     -1.08    0.567      0.09      0.00
       STORE&SPARE                  0.080   -1.000     -0.08    0.500      0.04      0.00
       ----------------------------------------------------------------------------------
          SUB TOTAL                 0.600   -2.614     -1.57    0.535      0.32      0.00
       ----------------------------------------------------------------------------------

       ========================================================================
       DEADWEIGHT                   4.889   -0.117     -0.57    0.512      2.50

       LIGHT SHIP WEIGHT            8.085   -2.828    -22.86    0.824      6.66

       TOTAL WEIGHT                12.974   -1.806    -23.44    0.706      9.16
       ========================================================================
 



       CONDITION NO    3   FISHING GROUND DEPARTURE CONDITION                              



       ------------------------------------------------------------------------
       DRAFT EQUIVALENT        0.845 M        TRANSV. METACENTER   KMT  1.925 M

       TOTAL TRIM BY STERN    -0.104 M        VERT CENTRE OF GRAV   KG  0.706 M

       DRAFT FORWARD           0.775 M        METAC. HEIGHT         GM  1.219 M

       DRAFT AFT               0.879 M        FREE SURFACE CORR.   GG'  0.177 M

       DRAFT MEAN              0.827 M        CORR. METAC. HEIGHT  G'M  1.042 M
       ------------------------------------------------------------------------
       L.C.B                  -1.503 M        M.T.C                 0.379 M*TON

       L.C.F                  -1.885 M        T.P.C                 0.343 MT/CM
       ------------------------------------------------------------------------



                  ANGLE       KN     KG*SIN       GZ       AREA
                 degree        m         m         m      m*rad
                ------------------------------------------------
                   5.00     0.169     0.077     0.092     0.004
                  10.00     0.339     0.153     0.186     0.016
                  20.00     0.601     0.302     0.299     0.060
                  30.00     0.700     0.442     0.259     0.110
                  40.00     0.725     0.568     0.158     0.147
                  50.00     0.709     0.676     0.033     0.164
                  60.00     0.667     0.765    -0.098     0.159
                  70.00     0.608     0.830    -0.222     0.131
 



       CONDITION NO    4   FULL LOAD ARRIVAL CONDITION                                     


                                                                                         
                                   WEIGHT    L.C.G    L-MOMT    V.C.G    V-MOMT     F.S.M
       DEADWEIGHT ITEMS                                                                  
                                     ton       m       ton*m      m       ton*m     ton*m
       ==================================================================================
       CREW&EFFECT (2P)             0.200   -4.205     -0.84    2.000      0.40      0.00
       WETTED FISHING GEAR&EQUI     0.290    0.000      0.00    1.040      0.30      0.00
       FOOD&SUPPLEMENT(10%)         0.025   -7.000     -0.17    0.000      0.00      0.00
       L.OIL CAN(10%)               0.008   -4.515     -0.04    0.710      0.01      0.00
       ----------------------------------------------------------------------------------
          SUB TOTAL                 0.523   -2.012     -1.05    1.352      0.71      0.00
       ----------------------------------------------------------------------------------
       F. O. T(C)                   0.250   -4.507     -1.13    0.142      0.04      2.29
       NO.1 FISH HOLD(C)            0.500    3.593      1.80    0.474      0.24      0.00
       NO.2 FISH HOLD(C)            0.709    2.553      1.81    0.426      0.30      0.00
       NO.3 FISH HOLD(C)            0.697    1.453      1.01    0.406      0.28      0.00
       NO.4 FISH HOLD(C)            0.499    0.500      0.25    0.401      0.20      0.00
       NO.5 FISH HOLD(C)            0.566   -0.351     -0.20    0.403      0.23      0.00
       FORE STORE(C)                0.119    4.450      0.53    0.577      0.07      0.00
       ----------------------------------------------------------------------------------
          SUB TOTAL                 3.341    1.219      4.07    0.406      1.36      2.29
       ----------------------------------------------------------------------------------
       FORE ST.&ETC                 0.170    4.514      0.77    0.560      0.10      0.00
       NO.1 AFT ST.&ETC             0.200   -5.889     -1.18    0.505      0.10      0.00
       NO.2 AFT ST.&ETC             0.150   -7.186     -1.08    0.567      0.09      0.00
       STORE&SPARE                  0.080   -1.000     -0.08    0.500      0.04      0.00
       ----------------------------------------------------------------------------------
          SUB TOTAL                 0.600   -2.614     -1.57    0.535      0.32      0.00
       ----------------------------------------------------------------------------------

       ========================================================================
       DEADWEIGHT                   4.464    0.326      1.45    0.534      2.38

       LIGHT SHIP WEIGHT            8.085   -2.828    -22.86    0.824      6.66

       TOTAL WEIGHT                12.549   -1.706    -21.41    0.721      9.05
       ========================================================================
 



       CONDITION NO    4   FULL LOAD ARRIVAL CONDITION                                     



       ------------------------------------------------------------------------
       DRAFT EQUIVALENT        0.833 M        TRANSV. METACENTER   KMT  1.972 M

       TOTAL TRIM BY STERN    -0.072 M        VERT CENTRE OF GRAV   KG  0.721 M

       DRAFT FORWARD           0.784 M        METAC. HEIGHT         GM  1.252 M

       DRAFT AFT               0.856 M        FREE SURFACE CORR.   GG'  0.183 M

       DRAFT MEAN              0.820 M        CORR. METAC. HEIGHT  G'M  1.069 M
       ------------------------------------------------------------------------
       L.C.B                  -1.490 M        M.T.C                 0.378 M*TON

       L.C.F                  -1.890 M        T.P.C                 0.342 MT/CM
       ------------------------------------------------------------------------



                  ANGLE       KN     KG*SIN       GZ       AREA
                 degree        m         m         m      m*rad
                ------------------------------------------------
                   5.00     0.173     0.079     0.094     0.004
                  10.00     0.348     0.157     0.191     0.017
                  20.00     0.612     0.309     0.303     0.062
                  30.00     0.708     0.452     0.257     0.112
                  40.00     0.734     0.581     0.153     0.148
                  50.00     0.717     0.692     0.025     0.164
                  60.00     0.674     0.783    -0.108     0.157
                  70.00     0.615     0.849    -0.234     0.127
 



       CONDITION NO    5   PART LOAD ARRIVAL CONDITION                                     


                                                                                         
                                   WEIGHT    L.C.G    L-MOMT    V.C.G    V-MOMT     F.S.M
       DEADWEIGHT ITEMS                                                                  
                                     ton       m       ton*m      m       ton*m     ton*m
       ==================================================================================
       CREW&EFFECT (2P)             0.200   -4.205     -0.84    2.000      0.40      0.00
       WETTED FISHING GEAR&EQUI     0.290    0.000      0.00    1.040      0.30      0.00
       FOOD&SUPPLEMENT(10%)         0.025   -7.000     -0.17    0.000      0.00      0.00
       L.OIL CAN(10%)               0.008   -4.515     -0.04    0.710      0.01      0.00
       ----------------------------------------------------------------------------------
          SUB TOTAL                 0.523   -2.012     -1.05    1.352      0.71      0.00
       ----------------------------------------------------------------------------------
       F. O. T(C)                   0.250   -4.507     -1.13    0.142      0.04      2.29
       NO.1 FISH HOLD(C)            0.125    3.562      0.45    0.184      0.02      0.00
       NO.2 FISH HOLD(C)            0.177    2.541      0.45    0.153      0.03      0.00
       NO.3 FISH HOLD(C)            0.174    1.449      0.25    0.150      0.03      0.00
       NO.4 FISH HOLD(C)            0.125    0.500      0.06    0.148      0.02      0.00
       NO.5 FISH HOLD(C)            0.142   -0.350     -0.05    0.149      0.02      0.00
       FORE STORE(C)                0.030    4.373      0.13    0.264      0.01      0.00
       ----------------------------------------------------------------------------------
          SUB TOTAL                 1.023    0.161      0.17    0.155      0.16      2.29
       ----------------------------------------------------------------------------------
       FORE ST.&ETC                 0.170    4.514      0.77    0.560      0.10      0.00
       NO.1 AFT ST.&ETC             0.200   -5.889     -1.18    0.505      0.10      0.00
       NO.2 AFT ST.&ETC             0.150   -7.186     -1.08    0.567      0.09      0.00
       STORE&SPARE                  0.080   -1.000     -0.08    0.500      0.04      0.00
       ----------------------------------------------------------------------------------
          SUB TOTAL                 0.600   -2.614     -1.57    0.535      0.32      0.00
       ----------------------------------------------------------------------------------

       ========================================================================
       DEADWEIGHT                   2.146   -1.144     -2.46    0.553      1.19

       LIGHT SHIP WEIGHT            8.085   -2.828    -22.86    0.824      6.66

       TOTAL WEIGHT                10.231   -2.475    -25.32    0.767      7.85
       ========================================================================
 



       CONDITION NO    5   PART LOAD ARRIVAL CONDITION                                     



       ------------------------------------------------------------------------
       DRAFT EQUIVALENT        0.765 M        TRANSV. METACENTER   KMT  2.307 M

       TOTAL TRIM BY STERN    -0.297 M        VERT CENTRE OF GRAV   KG  0.767 M

       DRAFT FORWARD           0.562 M        METAC. HEIGHT         GM  1.540 M

       DRAFT AFT               0.859 M        FREE SURFACE CORR.   GG'  0.224 M

       DRAFT MEAN              0.710 M        CORR. METAC. HEIGHT  G'M  1.315 M
       ------------------------------------------------------------------------
       L.C.B                  -1.396 M        M.T.C                 0.372 M*TON

       L.C.F                  -1.917 M        T.P.C                 0.340 MT/CM
       ------------------------------------------------------------------------



                  ANGLE       KN     KG*SIN       GZ       AREA
                 degree        m         m         m      m*rad
                ------------------------------------------------
                   5.00     0.202     0.086     0.116     0.005
                  10.00     0.400     0.172     0.227     0.020
                  20.00     0.656     0.339     0.317     0.070
                  30.00     0.749     0.496     0.254     0.121
                  40.00     0.773     0.637     0.135     0.156
                  50.00     0.761     0.759     0.001     0.168
                  60.00     0.726     0.859    -0.133     0.156
                  70.00     0.662     0.932    -0.269     0.121
